<?xml version="1.0" encoding="UTF-8"?>
<testng-results skipped="0" failed="0" ignored="0" total="1" passed="1">
  <reporter-output>
  </reporter-output>
  <suite name="Suite" duration-ms="45902" started-at="2018-09-16T17:40:11Z" finished-at="2018-09-16T17:40:57Z">
    <groups>
    </groups>
    <test name="Test" duration-ms="45902" started-at="2018-09-16T17:40:11Z" finished-at="2018-09-16T17:40:57Z">
      <class name="Testcases.Bankbazartestcase">
        <test-method status="PASS" signature="startResult()[pri:0, instance:Testcases.Bankbazartestcase@2ac273d3]" name="startResult" is-config="true" duration-ms="900" started-at="2018-09-16T17:40:10Z" finished-at="2018-09-16T17:40:11Z">
          <reporter-output>
          </reporter-output>
        </test-method> <!-- startResult -->
        <test-method status="PASS" signature="setData()[pri:0, instance:Testcases.Bankbazartestcase@2ac273d3]" name="setData" is-config="true" duration-ms="0" started-at="2018-09-16T17:40:11Z" finished-at="2018-09-16T17:40:11Z">
          <reporter-output>
          </reporter-output>
        </test-method> <!-- setData -->
        <test-method status="PASS" signature="startTestCase()[pri:0, instance:Testcases.Bankbazartestcase@2ac273d3]" name="startTestCase" is-config="true" duration-ms="11" started-at="2018-09-16T17:40:11Z" finished-at="2018-09-16T17:40:11Z">
          <reporter-output>
          </reporter-output>
        </test-method> <!-- startTestCase -->
        <test-method status="PASS" signature="listMutualFunds()[pri:0, instance:Testcases.Bankbazartestcase@2ac273d3]" name="listMutualFunds" duration-ms="44445" started-at="2018-09-16T17:40:11Z" finished-at="2018-09-16T17:40:55Z">
          <reporter-output>
          </reporter-output>
        </test-method> <!-- listMutualFunds -->
        <test-method status="PASS" signature="close()[pri:0, instance:Testcases.Bankbazartestcase@2ac273d3]" name="close" is-config="true" duration-ms="1366" started-at="2018-09-16T17:40:55Z" finished-at="2018-09-16T17:40:57Z">
          <reporter-output>
          </reporter-output>
        </test-method> <!-- close -->
        <test-method status="PASS" signature="stopResult()[pri:0, instance:Testcases.Bankbazartestcase@2ac273d3]" name="stopResult" is-config="true" duration-ms="913" started-at="2018-09-16T17:40:57Z" finished-at="2018-09-16T17:40:58Z">
          <reporter-output>
          </reporter-output>
        </test-method> <!-- stopResult -->
      </class> <!-- Testcases.Bankbazartestcase -->
    </test> <!-- Test -->
  </suite> <!-- Suite -->
</testng-results>
